[INFO] Scanning for projects...
[INFO] 
[INFO] ----------------------< com.pharmacy:harmacy-api >----------------------
[INFO] Building harmacy-api 0.0.1-SNAPSHOT
[INFO]   from pom.xml
[INFO] --------------------------------[ jar ]---------------------------------
[INFO] 
[INFO] >>> spring-boot:4.0.3:run (default-cli) > test-compile @ harmacy-api >>>
[INFO] 
[INFO] --- resources:3.3.1:resources (default-resources) @ harmacy-api ---
[INFO] Copying 1 resource from src\main\resources to target\classes
[INFO] Copying 7 resources from src\main\resources to target\classes
[INFO] 
[INFO] --- compiler:3.14.1:compile (default-compile) @ harmacy-api ---
[INFO] Nothing to compile - all classes are up to date.
[INFO] 
[INFO] --- resources:3.3.1:testResources (default-testResources) @ harmacy-api ---
[INFO] skip non existing resourceDirectory C:\Users\ADMIN\pharmacy-management-system\backend\pharmacy-api\src\test\resources
[INFO] 
[INFO] --- compiler:3.14.1:testCompile (default-testCompile) @ harmacy-api ---
[INFO] Nothing to compile - all classes are up to date.
[INFO] 
[INFO] <<< spring-boot:4.0.3:run (default-cli) < test-compile @ harmacy-api <<<
[INFO] 
[INFO] 
[INFO] --- spring-boot:4.0.3:run (default-cli) @ harmacy-api ---
[INFO] Attaching agents: []

  .   ____          _            __ _ _
 /\\ / ___'_ __ _ _(_)_ __  __ _ \ \ \ \
( ( )\___ | '_ | '_| | '_ \/ _` | \ \ \ \
 \\/  ___)| |_)| | | | | || (_| |  ) ) ) )
  '  |____| .__|_| |_|_| |_\__, | / / / /
 =========|_|==============|___/=/_/_/_/

 :: Spring Boot ::                (v4.0.3)

2026-04-16T14:01:12.432+01:00  INFO 3192 --- [pharmacy-api] [           main] com.pharmacy.HarmacyApiApplication       : Starting HarmacyApiApplication using Java 17.0.12 with PID 3192 (C:\Users\ADMIN\pharmacy-management-system\backend\pharmacy-api\target\classes started by ADMIN in C:\Users\ADMIN\pharmacy-management-system\backend\pharmacy-api)
2026-04-16T14:01:12.439+01:00  INFO 3192 --- [pharmacy-api] [           main] com.pharmacy.HarmacyApiApplication       : No active profile set, falling back to 1 default profile: "default"
2026-04-16T14:01:13.813+01:00  INFO 3192 --- [pharmacy-api] [           main] .s.d.r.c.RepositoryConfigurationDelegate : Bootstrapping Spring Data JPA repositories in DEFAULT mode.
2026-04-16T14:01:13.944+01:00  INFO 3192 --- [pharmacy-api] [           main] .s.d.r.c.RepositoryConfigurationDelegate : Finished Spring Data repository scanning in 114 ms. Found 3 JPA repository interfaces.
2026-04-16T14:01:15.750+01:00  INFO 3192 --- [pharmacy-api] [           main] o.s.boot.tomcat.TomcatWebServer          : Tomcat initialized with port 8080 (http)
2026-04-16T14:01:15.787+01:00  INFO 3192 --- [pharmacy-api] [           main] o.apache.catalina.core.StandardService   : Starting service [Tomcat]
2026-04-16T14:01:15.789+01:00  INFO 3192 --- [pharmacy-api] [           main] o.apache.catalina.core.StandardEngine    : Starting Servlet engine: [Apache Tomcat/11.0.18]
2026-04-16T14:01:15.964+01:00  INFO 3192 --- [pharmacy-api] [           main] b.w.c.s.WebApplicationContextInitializer : Root WebApplicationContext: initialization completed in 3415 ms
2026-04-16T14:01:16.366+01:00  INFO 3192 --- [pharmacy-api] [           main] org.hibernate.orm.jpa                    : HHH008540: Processing PersistenceUnitInfo [name: default]
2026-04-16T14:01:16.541+01:00  INFO 3192 --- [pharmacy-api] [           main] org.hibernate.orm.core                   : HHH000001: Hibernate ORM core version 7.2.4.Final
2026-04-16T14:01:17.883+01:00  INFO 3192 --- [pharmacy-api] [           main] o.s.o.j.p.SpringPersistenceUnitInfo      : No LoadTimeWeaver setup: ignoring JPA class transformer
2026-04-16T14:01:17.955+01:00  INFO 3192 --- [pharmacy-api] [           main] com.zaxxer.hikari.HikariDataSource       : HikariPool-1 - Starting...
2026-04-16T14:01:18.366+01:00  INFO 3192 --- [pharmacy-api] [           main] com.zaxxer.hikari.pool.HikariPool        : HikariPool-1 - Added connection com.mysql.cj.jdbc.ConnectionImpl@1115be8c
2026-04-16T14:01:18.371+01:00  INFO 3192 --- [pharmacy-api] [           main] com.zaxxer.hikari.HikariDataSource       : HikariPool-1 - Start completed.
2026-04-16T14:01:18.453+01:00  WARN 3192 --- [pharmacy-api] [           main] org.hibernate.orm.core                   : HHH000511: The 5.5.5 version for [org.hibernate.dialect.MySQLDialect] is no longer supported, hence certain features may not work properly.The minimum supported version is 8.0.0. Check the community dialects project for available legacy versions.
2026-04-16T14:01:18.462+01:00  WARN 3192 --- [pharmacy-api] [           main] org.hibernate.orm.deprecation            : HHH90000025: MySQLDialect does not need to be specified explicitly using 'hibernate.dialect' (remove the property setting and it will be selected by default)
2026-04-16T14:01:18.504+01:00  INFO 3192 --- [pharmacy-api] [           main] org.hibernate.orm.connections.pooling    : HHH10001005: Database info:
	Database JDBC URL [jdbc:mysql://localhost:3306/pharmacy_db?useSSL=false&serverTimezone=UTC]
	Database driver: MySQL Connector/J
	Database dialect: MySQLDialect
	Database version: 5.5.5
	Default catalog/schema: pharmacy_db/undefined
	Autocommit mode: undefined/unknown
	Isolation level: REPEATABLE_READ [default REPEATABLE_READ]
	JDBC fetch size: none
	Pool: DataSourceConnectionProvider
	Minimum pool size: undefined/unknown
	Maximum pool size: undefined/unknown
2026-04-16T14:01:20.113+01:00  INFO 3192 --- [pharmacy-api] [           main] org.hibernate.orm.core                   : HHH000489: No JTA platform available (set 'hibernate.transaction.jta.platform' to enable JTA platform integration)
2026-04-16T14:01:20.283+01:00  INFO 3192 --- [pharmacy-api] [           main] j.LocalContainerEntityManagerFactoryBean : Initialized JPA EntityManagerFactory for persistence unit 'default'
2026-04-16T14:01:20.384+01:00  INFO 3192 --- [pharmacy-api] [           main] o.s.d.j.r.query.QueryEnhancerFactories   : Hibernate is in classpath; If applicable, HQL parser will be used.
2026-04-16T14:01:21.207+01:00  WARN 3192 --- [pharmacy-api] [           main] JpaBaseConfiguration$JpaWebConfiguration : spring.jpa.open-in-view is enabled by default. Therefore, database queries may be performed during view rendering. Explicitly configure spring.jpa.open-in-view to disable this warning
2026-04-16T14:01:21.352+01:00  INFO 3192 --- [pharmacy-api] [           main] r$InitializeUserDetailsManagerConfigurer : Global AuthenticationManager configured with UserDetailsService bean with name userService
2026-04-16T14:01:21.678+01:00  INFO 3192 --- [pharmacy-api] [           main] o.s.b.w.a.WelcomePageHandlerMapping      : Adding welcome page template: index
2026-04-16T14:01:22.196+01:00  WARN 3192 --- [pharmacy-api] [           main] ConfigServletWebServerApplicationContext : Exception encountered during context initialization - cancelling refresh attempt: org.springframework.context.ApplicationContextException: Failed to start bean 'webServerStartStop'
2026-04-16T14:01:22.196+01:00  INFO 3192 --- [pharmacy-api] [           main] j.LocalContainerEntityManagerFactoryBean : Closing JPA EntityManagerFactory for persistence unit 'default'
2026-04-16T14:01:22.196+01:00  INFO 3192 --- [pharmacy-api] [           main] com.zaxxer.hikari.HikariDataSource       : HikariPool-1 - Shutdown initiated...
2026-04-16T14:01:22.219+01:00  INFO 3192 --- [pharmacy-api] [           main] com.zaxxer.hikari.HikariDataSource       : HikariPool-1 - Shutdown completed.
2026-04-16T14:01:22.235+01:00  INFO 3192 --- [pharmacy-api] [           main] .s.b.a.l.ConditionEvaluationReportLogger : 

Error starting ApplicationContext. To display the condition evaluation report re-run your application with 'debug' enabled.
2026-04-16T14:01:22.251+01:00 ERROR 3192 --- [pharmacy-api] [           main] o.s.b.d.LoggingFailureAnalysisReporter   : 

***************************
APPLICATION FAILED TO START
***************************

Description:

Web server failed to start. Port 8080 was already in use.

Action:

Identify and stop the process that's listening on port 8080 or configure this application to listen on another port.

[INFO] ------------------------------------------------------------------------
[INFO] BUILD FAILURE
[INFO] ------------------------------------------------------------------------
[INFO] Total time:  17.011 s
[INFO] Finished at: 2026-04-16T14:01:22+01:00
[INFO] ------------------------------------------------------------------------
[ERROR] Failed to execute goal org.springframework.boot:spring-boot-maven-plugin:4.0.3:run (default-cli) on project harmacy-api: Process terminated with exit code: 1 -> [Help 1]
[ERROR] 
[ERROR] To see the full stack trace of the errors, re-run Maven with the -e switch.
[ERROR] Re-run Maven using the -X switch to enable full debug logging.
[ERROR] 
[ERROR] For more information about the errors and possible solutions, please read the following articles:
[ERROR] [Help 1] http://cwiki.apache.org/confluence/display/MAVEN/MojoExecutionException
