[INFO] Scanning for projects...
[INFO] 
[INFO] ----------------------< com.pharmacy:harmacy-api >----------------------
[INFO] Building harmacy-api 0.0.1-SNAPSHOT
[INFO]   from pom.xml
[INFO] --------------------------------[ jar ]---------------------------------
[INFO] 
[INFO] >>> spring-boot:4.0.3:run (default-cli) > test-compile @ harmacy-api >>>
[INFO] 
[INFO] --- resources:3.3.1:resources (default-resources) @ harmacy-api ---
[INFO] Copying 1 resource from src\main\resources to target\classes
[INFO] Copying 7 resources from src\main\resources to target\classes
[INFO] 
[INFO] --- compiler:3.14.1:compile (default-compile) @ harmacy-api ---
[INFO] Nothing to compile - all classes are up to date.
[INFO] 
[INFO] --- resources:3.3.1:testResources (default-testResources) @ harmacy-api ---
[INFO] skip non existing resourceDirectory C:\Users\ADMIN\pharmacy-management-system\backend\pharmacy-api\src\test\resources
[INFO] 
[INFO] --- compiler:3.14.1:testCompile (default-testCompile) @ harmacy-api ---
[INFO] Nothing to compile - all classes are up to date.
[INFO] 
[INFO] <<< spring-boot:4.0.3:run (default-cli) < test-compile @ harmacy-api <<<
[INFO] 
[INFO] 
[INFO] --- spring-boot:4.0.3:run (default-cli) @ harmacy-api ---
[INFO] Attaching agents: []

  .   ____          _            __ _ _
 /\\ / ___'_ __ _ _(_)_ __  __ _ \ \ \ \
( ( )\___ | '_ | '_| | '_ \/ _` | \ \ \ \
 \\/  ___)| |_)| | | | | || (_| |  ) ) ) )
  '  |____| .__|_| |_|_| |_\__, | / / / /
 =========|_|==============|___/=/_/_/_/

 :: Spring Boot ::                (v4.0.3)

2026-04-16T14:07:03.115+01:00  INFO 16764 --- [pharmacy-api] [           main] com.pharmacy.HarmacyApiApplication       : Starting HarmacyApiApplication using Java 17.0.12 with PID 16764 (C:\Users\ADMIN\pharmacy-management-system\backend\pharmacy-api\target\classes started by ADMIN in C:\Users\ADMIN\pharmacy-management-system\backend\pharmacy-api)
2026-04-16T14:07:03.122+01:00  INFO 16764 --- [pharmacy-api] [           main] com.pharmacy.HarmacyApiApplication       : No active profile set, falling back to 1 default profile: "default"
2026-04-16T14:07:04.408+01:00  INFO 16764 --- [pharmacy-api] [           main] .s.d.r.c.RepositoryConfigurationDelegate : Bootstrapping Spring Data JPA repositories in DEFAULT mode.
2026-04-16T14:07:04.515+01:00  INFO 16764 --- [pharmacy-api] [           main] .s.d.r.c.RepositoryConfigurationDelegate : Finished Spring Data repository scanning in 95 ms. Found 3 JPA repository interfaces.
2026-04-16T14:07:05.618+01:00  INFO 16764 --- [pharmacy-api] [           main] o.s.boot.tomcat.TomcatWebServer          : Tomcat initialized with port 8081 (http)
2026-04-16T14:07:05.640+01:00  INFO 16764 --- [pharmacy-api] [           main] o.apache.catalina.core.StandardService   : Starting service [Tomcat]
2026-04-16T14:07:05.640+01:00  INFO 16764 --- [pharmacy-api] [           main] o.apache.catalina.core.StandardEngine    : Starting Servlet engine: [Apache Tomcat/11.0.18]
2026-04-16T14:07:05.751+01:00  INFO 16764 --- [pharmacy-api] [           main] b.w.c.s.WebApplicationContextInitializer : Root WebApplicationContext: initialization completed in 2536 ms
2026-04-16T14:07:05.986+01:00  INFO 16764 --- [pharmacy-api] [           main] org.hibernate.orm.jpa                    : HHH008540: Processing PersistenceUnitInfo [name: default]
2026-04-16T14:07:06.093+01:00  INFO 16764 --- [pharmacy-api] [           main] org.hibernate.orm.core                   : HHH000001: Hibernate ORM core version 7.2.4.Final
2026-04-16T14:07:07.148+01:00  INFO 16764 --- [pharmacy-api] [           main] o.s.o.j.p.SpringPersistenceUnitInfo      : No LoadTimeWeaver setup: ignoring JPA class transformer
2026-04-16T14:07:07.232+01:00  INFO 16764 --- [pharmacy-api] [           main] com.zaxxer.hikari.HikariDataSource       : HikariPool-1 - Starting...
2026-04-16T14:07:07.824+01:00  INFO 16764 --- [pharmacy-api] [           main] com.zaxxer.hikari.pool.HikariPool        : HikariPool-1 - Added connection com.mysql.cj.jdbc.ConnectionImpl@70169464
2026-04-16T14:07:07.839+01:00  INFO 16764 --- [pharmacy-api] [           main] com.zaxxer.hikari.HikariDataSource       : HikariPool-1 - Start completed.
2026-04-16T14:07:07.944+01:00  WARN 16764 --- [pharmacy-api] [           main] org.hibernate.orm.core                   : HHH000511: The 5.5.5 version for [org.hibernate.dialect.MySQLDialect] is no longer supported, hence certain features may not work properly.The minimum supported version is 8.0.0. Check the community dialects project for available legacy versions.
2026-04-16T14:07:07.961+01:00  WARN 16764 --- [pharmacy-api] [           main] org.hibernate.orm.deprecation            : HHH90000025: MySQLDialect does not need to be specified explicitly using 'hibernate.dialect' (remove the property setting and it will be selected by default)
2026-04-16T14:07:08.019+01:00  INFO 16764 --- [pharmacy-api] [           main] org.hibernate.orm.connections.pooling    : HHH10001005: Database info:
	Database JDBC URL [jdbc:mysql://localhost:3306/pharmacy_db?useSSL=false&serverTimezone=UTC]
	Database driver: MySQL Connector/J
	Database dialect: MySQLDialect
	Database version: 5.5.5
	Default catalog/schema: pharmacy_db/undefined
	Autocommit mode: undefined/unknown
	Isolation level: REPEATABLE_READ [default REPEATABLE_READ]
	JDBC fetch size: none
	Pool: DataSourceConnectionProvider
	Minimum pool size: undefined/unknown
	Maximum pool size: undefined/unknown
2026-04-16T14:07:10.382+01:00  INFO 16764 --- [pharmacy-api] [           main] org.hibernate.orm.core                   : HHH000489: No JTA platform available (set 'hibernate.transaction.jta.platform' to enable JTA platform integration)
2026-04-16T14:07:10.581+01:00  INFO 16764 --- [pharmacy-api] [           main] j.LocalContainerEntityManagerFactoryBean : Initialized JPA EntityManagerFactory for persistence unit 'default'
2026-04-16T14:07:10.722+01:00  INFO 16764 --- [pharmacy-api] [           main] o.s.d.j.r.query.QueryEnhancerFactories   : Hibernate is in classpath; If applicable, HQL parser will be used.
2026-04-16T14:07:11.448+01:00  WARN 16764 --- [pharmacy-api] [           main] JpaBaseConfiguration$JpaWebConfiguration : spring.jpa.open-in-view is enabled by default. Therefore, database queries may be performed during view rendering. Explicitly configure spring.jpa.open-in-view to disable this warning
2026-04-16T14:07:11.581+01:00  INFO 16764 --- [pharmacy-api] [           main] r$InitializeUserDetailsManagerConfigurer : Global AuthenticationManager configured with UserDetailsService bean with name userService
2026-04-16T14:07:11.880+01:00  INFO 16764 --- [pharmacy-api] [           main] o.s.b.w.a.WelcomePageHandlerMapping      : Adding welcome page template: index
2026-04-16T14:07:12.343+01:00  INFO 16764 --- [pharmacy-api] [           main] o.s.boot.tomcat.TomcatWebServer          : Tomcat started on port 8081 (http) with context path '/'
2026-04-16T14:07:12.343+01:00  INFO 16764 --- [pharmacy-api] [           main] com.pharmacy.HarmacyApiApplication       : Started HarmacyApiApplication in 10.174 seconds (process running for 11.035)
2026-04-16T14:07:18.206+01:00  INFO 16764 --- [pharmacy-api] [nio-8081-exec-1] o.a.c.c.C.[Tomcat].[localhost].[/]       : Initializing Spring DispatcherServlet 'dispatcherServlet'
2026-04-16T14:07:18.206+01:00  INFO 16764 --- [pharmacy-api] [nio-8081-exec-1] o.s.web.servlet.DispatcherServlet        : Initializing Servlet 'dispatcherServlet'
2026-04-16T14:07:18.206+01:00  INFO 16764 --- [pharmacy-api] [nio-8081-exec-1] o.s.web.servlet.DispatcherServlet        : Completed initialization in 0 ms
